<?xml version="1.0" encoding="utf-8" standalone="no"?>
<!--This file represents the results of running a test suite-->
<test-results name="C:\Users\s\Documents\Visual Studio 2010\Projects\Z80Emulator\EmulatorTest\bin\Release\EmulatorTest.dll" total="0" errors="0" failures="0" not-run="0" inconclusive="0" ignored="0" skipped="0" invalid="0" date="2011-12-06" time="18:03:23">
  <environment nunit-version="2.5.10.11092" clr-version="2.0.50727.5448" os-version="Microsoft Windows NT 6.1.7601 Service Pack 1" platform="Win32NT" cwd="C:\Users\s\Documents\Visual Studio 2010\Projects\Z80Emulator\EmulatorTest\bin\Release" machine-name="DC7700" user="m" user-domain="dc7700" />
  <culture-info current-culture="ja-JP" current-uiculture="ja-JP" />
  <test-suite type="Assembly" name="C:\Users\s\Documents\Visual Studio 2010\Projects\Z80Emulator\EmulatorTest\bin\Release\EmulatorTest.dll" executed="True" result="Inconclusive" success="False" time="0.062" asserts="0">
    <results>
      <test-suite type="Namespace" name="EmulatorTest" executed="True" result="Inconclusive" success="False" time="0.010" asserts="0">
        <results>
          <test-suite type="TestFixture" name="Z80Test" executed="True" result="Inconclusive" success="False" time="0.000" asserts="0" />
        </results>
      </test-suite>
    </results>
  </test-suite>
</test-results>